Arguments: 
  C:\Program Files\nodejs\node.exe C:\Program Files\nodejs\node_modules\yarn\bin\yarn.js add @expo/webpack-config@18.0.1

PATH: 
  C:\Program Files (x86)\Common Files\Oracle\Java\javapath;C:\Windows\system32;C:\Windows;C:\Windows\System32\Wbem;C:\Windows\System32\WindowsPowerShell\v1.0\;C:\Windows\System32\OpenSSH\;C:\Users\ACER\AppData\Roaming\nvm;C:\Program Files\nodejs;C:\Users\ACER\AppData\Local\.meteor;C:\Program Files (x86)\Git\bin;C:\Program Files (x86)\Git\cmd;C:\Program Files\MongoDB\Server\6.0\bin\;C:\mongosh-1.8.0\bin;D:\curl-8.0.1_5\bin;C:\Users\ACER\AppData\Local\.meteor/;C:\Users\ACER\AppData\Roaming\nvm\v14.21.3\node_modules\npm\node_modules\npm-lifecycle\node-gyp-bin;C:\Program Files\nodejs\node_modules\meteor\node_modules\.bin;C:\Program Files\nodejs\node_modules\.bin;C:\Program Files (x86)\Common Files\Oracle\Java\javapath;C:\Windows\system32;C:\Windows;C:\Windows\System32\Wbem;C:\Windows\System32\WindowsPowerShell\v1.0\;C:\Windows\System32\OpenSSH\;C:\Users\ACER\AppData\Roaming\nvm;C:\Program Files\nodejs;C:\Users\ACER\AppData\Local\.meteor;C:\Program Files (x86)\Git\bin;C:\Program Files (x86)\Git\cmd;C:\Program Files\MongoDB\Server\6.0\bin;C:\mongosh-1.8.0\bin;C:\Users\ACER\AppData\Local\.meteor/;C:\Users\ACER\AppData\Roaming\nvm\v14.21.3\node_modules\npm\node_modules\npm-lifecycle\node-gyp-bin;C:\Program Files\nodejs\node_modules\meteor\node_modules\.bin;C:\Program Files\nodejs\node_modules\.bin;C:\Program Files (x86)\Common Files\Oracle\Java\javapath;C:\Windows\system32;C:\Windows;C:\Windows\System32\Wbem;C:\Windows\System32\Window;C:\Program Files\MongoDB\Server\6.0\bin\;

Yarn version: 
  1.22.19

Node version: 
  14.21.3

Platform: 
  win32 x64

Trace: 
  Error: EPERM: operation not permitted, unlink 'D:\CEPP-project1\Front-end\node_modules\@types\lodash\common'

npm manifest: 
  {
    "name": "front-end",
    "version": "1.0.0",
    "main": "node_modules/expo/AppEntry.js",
    "scripts": {
      "start": "expo start",
      "android": "expo start --android",
      "ios": "expo start --ios",
      "web": "expo start --web"
    },
    "dependencies": {
      "@expo-google-fonts/prompt": "^0.2.2",
      "@react-native-masked-view/masked-view": "^0.2.8",
      "@react-navigation/bottom-tabs": "^6.5.0",
      "@react-navigation/drawer": "^6.5.5",
      "@react-navigation/elements": "^1.3.14",
      "@react-navigation/native": "^6.1.0",
      "@react-navigation/stack": "^6.3.8",
      "date-fns": "^2.29.3",
      "expo": "48.0.0",
      "expo-font": "^11.1.1",
      "expo-image-picker": "^14.1.1",
      "expo-location": "~15.1.1",
      "expo-splash-screen": "^0.18.1",
      "expo-status-bar": "^1.4.4",
      "expo-updates": "^0.16.4",
      "lottie-react-native": "5.1.4",
      "moment": "^2.29.4",
      "native-base": "^3.4.13",
      "react": "18.2.0",
      "react-dom": "18.2.0",
      "react-native": "0.71.6",
      "react-native-calendars": "^1.1293.0",
      "react-native-gesture-handler": "~2.9.0",
      "react-native-image-picker": "^4.10.2",
      "react-native-maps": "1.3.2",
      "react-native-modern-datepicker": "^1.0.0-beta.91",
      "react-native-pager-view": "6.1.2",
      "react-native-reanimated": "~2.14.4",
      "react-native-safe-area-context": "4.5.0",
      "react-native-screens": "~3.20.0",
      "react-native-simple-select-button": "^0.0.6",
      "react-native-slideable-calendar-strip": "^0.4.0",
      "react-native-svg": "13.4.0",
      "react-native-swipe-list-view": "^3.2.9",
      "react-native-vector-icons": "^9.2.0",
      "react-native-web": "~0.18.10",
      "styled-components": "^5.3.6"
    },
    "devDependencies": {
      "@babel/core": "^7.20.0",
      "@babel/plugin-proposal-export-namespace-from": "^7.18.9"
    },
    "private": true
  }

yarn manifest: 
  No manifest

Lockfile: 
  No lockfile
